Train Epoch: 1 [0/60000 (0%)]	Loss: 34756.832031
Train Epoch: 1 [640/60000 (1%)]	Loss: -233895.953125
Train Epoch: 1 [1280/60000 (2%)]	Loss: -189570.437500
Train Epoch: 1 [1920/60000 (3%)]	Loss: -183666.765625
Train Epoch: 1 [2560/60000 (4%)]	Loss: -187025.328125
Train Epoch: 1 [3200/60000 (5%)]	Loss: -173666.265625
Train Epoch: 1 [3840/60000 (6%)]	Loss: -201960.406250
Train Epoch: 1 [4480/60000 (7%)]	Loss: -162316.109375
Train Epoch: 1 [5120/60000 (9%)]	Loss: -171295.109375
Train Epoch: 1 [5760/60000 (10%)]	Loss: -193232.250000
Train Epoch: 1 [6400/60000 (11%)]	Loss: -189437.234375
Train Epoch: 1 [7040/60000 (12%)]	Loss: -165175.640625
Train Epoch: 1 [7680/60000 (13%)]	Loss: -185152.453125
Train Epoch: 1 [8320/60000 (14%)]	Loss: -195387.281250
Train Epoch: 1 [8960/60000 (15%)]	Loss: -173862.125000
Train Epoch: 1 [9600/60000 (16%)]	Loss: -160308.750000
Train Epoch: 1 [10240/60000 (17%)]	Loss: -185196.156250
Train Epoch: 1 [10880/60000 (18%)]	Loss: -204344.828125
Train Epoch: 1 [11520/60000 (19%)]	Loss: -194686.453125
Train Epoch: 1 [12160/60000 (20%)]	Loss: -175860.031250
Train Epoch: 1 [12800/60000 (21%)]	Loss: -185718.078125
Train Epoch: 1 [13440/60000 (22%)]	Loss: -192438.453125
Train Epoch: 1 [14080/60000 (23%)]	Loss: -179336.296875
Train Epoch: 1 [14720/60000 (25%)]	Loss: -181214.281250
Train Epoch: 1 [15360/60000 (26%)]	Loss: -186880.375000
Train Epoch: 1 [16000/60000 (27%)]	Loss: -177983.000000
Train Epoch: 1 [16640/60000 (28%)]	Loss: -158973.609375
Train Epoch: 1 [17280/60000 (29%)]	Loss: -173056.359375
Train Epoch: 1 [17920/60000 (30%)]	Loss: -175684.640625
Train Epoch: 1 [18560/60000 (31%)]	Loss: -181921.828125
Train Epoch: 1 [19200/60000 (32%)]	Loss: -182295.125000
Train Epoch: 1 [19840/60000 (33%)]	Loss: -172042.828125
Train Epoch: 1 [20480/60000 (34%)]	Loss: -179562.875000
Train Epoch: 1 [21120/60000 (35%)]	Loss: -158082.484375
Train Epoch: 1 [21760/60000 (36%)]	Loss: -163402.562500
Train Epoch: 1 [22400/60000 (37%)]	Loss: -169353.156250
Train Epoch: 1 [23040/60000 (38%)]	Loss: -164980.625000
Train Epoch: 1 [23680/60000 (39%)]	Loss: -194539.796875
Train Epoch: 1 [24320/60000 (41%)]	Loss: -159288.343750
Train Epoch: 1 [24960/60000 (42%)]	Loss: -192880.765625
Train Epoch: 1 [25600/60000 (43%)]	Loss: -137224.468750
Train Epoch: 1 [26240/60000 (44%)]	Loss: -162315.265625
Train Epoch: 1 [26880/60000 (45%)]	Loss: -156005.625000
Train Epoch: 1 [27520/60000 (46%)]	Loss: -177140.046875
Train Epoch: 1 [28160/60000 (47%)]	Loss: -167914.281250
Train Epoch: 1 [28800/60000 (48%)]	Loss: -176611.312500
Train Epoch: 1 [29440/60000 (49%)]	Loss: -172394.593750
Train Epoch: 1 [30080/60000 (50%)]	Loss: -193087.468750
Train Epoch: 1 [30720/60000 (51%)]	Loss: -198546.109375
Train Epoch: 1 [31360/60000 (52%)]	Loss: -162537.562500
Train Epoch: 1 [32000/60000 (53%)]	Loss: -169466.187500
Train Epoch: 1 [32640/60000 (54%)]	Loss: -171645.312500
Train Epoch: 1 [33280/60000 (55%)]	Loss: -173785.125000
Train Epoch: 1 [33920/60000 (57%)]	Loss: -153742.812500
Train Epoch: 1 [34560/60000 (58%)]	Loss: -177282.671875
Train Epoch: 1 [35200/60000 (59%)]	Loss: -165842.250000
Train Epoch: 1 [35840/60000 (60%)]	Loss: -190085.625000
Train Epoch: 1 [36480/60000 (61%)]	Loss: -171315.187500
Train Epoch: 1 [37120/60000 (62%)]	Loss: -165406.343750
Train Epoch: 1 [37760/60000 (63%)]	Loss: -153240.234375
Train Epoch: 1 [38400/60000 (64%)]	Loss: -159001.781250
Train Epoch: 1 [39040/60000 (65%)]	Loss: -190511.312500
Train Epoch: 1 [39680/60000 (66%)]	Loss: -137184.187500
Train Epoch: 1 [40320/60000 (67%)]	Loss: -179827.906250
Train Epoch: 1 [40960/60000 (68%)]	Loss: -162710.250000
Train Epoch: 1 [41600/60000 (69%)]	Loss: -185373.593750
Train Epoch: 1 [42240/60000 (70%)]	Loss: -181113.390625
Train Epoch: 1 [42880/60000 (71%)]	Loss: -163223.937500
Train Epoch: 1 [43520/60000 (72%)]	Loss: -176844.500000
Train Epoch: 1 [44160/60000 (74%)]	Loss: -169202.906250
Train Epoch: 1 [44800/60000 (75%)]	Loss: -173460.296875
Train Epoch: 1 [45440/60000 (76%)]	Loss: -192153.312500
Train Epoch: 1 [46080/60000 (77%)]	Loss: -189696.296875
Train Epoch: 1 [46720/60000 (78%)]	Loss: -170613.875000
Train Epoch: 1 [47360/60000 (79%)]	Loss: -158711.328125
Train Epoch: 1 [48000/60000 (80%)]	Loss: -180974.125000
Train Epoch: 1 [48640/60000 (81%)]	Loss: -151478.546875
Train Epoch: 1 [49280/60000 (82%)]	Loss: -177027.500000
Train Epoch: 1 [49920/60000 (83%)]	Loss: -188185.218750
Train Epoch: 1 [50560/60000 (84%)]	Loss: -152699.750000
Train Epoch: 1 [51200/60000 (85%)]	Loss: -174692.812500
Train Epoch: 1 [51840/60000 (86%)]	Loss: -166165.468750
Train Epoch: 1 [52480/60000 (87%)]	Loss: -141383.359375
Train Epoch: 1 [53120/60000 (88%)]	Loss: -168126.343750
Train Epoch: 1 [53760/60000 (90%)]	Loss: -157383.750000
Train Epoch: 1 [54400/60000 (91%)]	Loss: -168144.468750
Train Epoch: 1 [55040/60000 (92%)]	Loss: -142421.828125
Train Epoch: 1 [55680/60000 (93%)]	Loss: -145958.859375
Train Epoch: 1 [56320/60000 (94%)]	Loss: -121303.085938
Train Epoch: 1 [56960/60000 (95%)]	Loss: -151592.500000
Train Epoch: 1 [57600/60000 (96%)]	Loss: -135216.937500
Train Epoch: 1 [58240/60000 (97%)]	Loss: -132772.250000
Train Epoch: 1 [58880/60000 (98%)]	Loss: -127929.070312
Train Epoch: 1 [59520/60000 (99%)]	Loss: -151186.671875
/home/okashin17/.pyenv/versions/3.6.5_pytorchprac/lib/python3.6/site-packages/torch/nn/functional.py:1006: UserWarning: nn.functional.sigmoid is deprecated. Use torch.sigmoid instead.
  warnings.warn("nn.functional.sigmoid is deprecated. Use torch.sigmoid instead.")

Test set: Average loss: -2446.6831

Train Epoch: 2 [0/60000 (0%)]	Loss: -152223.343750
Train Epoch: 2 [640/60000 (1%)]	Loss: -172766.953125
Train Epoch: 2 [1280/60000 (2%)]	Loss: -115740.093750
Train Epoch: 2 [1920/60000 (3%)]	Loss: -172292.500000
Train Epoch: 2 [2560/60000 (4%)]	Loss: -140110.375000
Train Epoch: 2 [3200/60000 (5%)]	Loss: -154795.343750
Train Epoch: 2 [3840/60000 (6%)]	Loss: -159996.062500
Train Epoch: 2 [4480/60000 (7%)]	Loss: -150315.656250
Train Epoch: 2 [5120/60000 (9%)]	Loss: -128449.781250
Train Epoch: 2 [5760/60000 (10%)]	Loss: -158070.000000
Train Epoch: 2 [6400/60000 (11%)]	Loss: -179358.125000
Train Epoch: 2 [7040/60000 (12%)]	Loss: -168394.062500
Train Epoch: 2 [7680/60000 (13%)]	Loss: -167547.984375
Train Epoch: 2 [8320/60000 (14%)]	Loss: -160754.187500
Train Epoch: 2 [8960/60000 (15%)]	Loss: -176114.906250
Train Epoch: 2 [9600/60000 (16%)]	Loss: -159812.000000
Train Epoch: 2 [10240/60000 (17%)]	Loss: -159865.375000
Train Epoch: 2 [10880/60000 (18%)]	Loss: -156487.281250
Train Epoch: 2 [11520/60000 (19%)]	Loss: -160874.312500
Train Epoch: 2 [12160/60000 (20%)]	Loss: -170798.062500
Train Epoch: 2 [12800/60000 (21%)]	Loss: -156617.406250
Train Epoch: 2 [13440/60000 (22%)]	Loss: -147972.062500
Train Epoch: 2 [14080/60000 (23%)]	Loss: -145570.687500
Train Epoch: 2 [14720/60000 (25%)]	Loss: -146360.953125
Train Epoch: 2 [15360/60000 (26%)]	Loss: -162773.437500
Train Epoch: 2 [16000/60000 (27%)]	Loss: -155995.343750
Train Epoch: 2 [16640/60000 (28%)]	Loss: -178128.500000
Train Epoch: 2 [17280/60000 (29%)]	Loss: -179736.812500
Train Epoch: 2 [17920/60000 (30%)]	Loss: -166860.218750
Train Epoch: 2 [18560/60000 (31%)]	Loss: -180153.187500
Train Epoch: 2 [19200/60000 (32%)]	Loss: -166028.468750
Train Epoch: 2 [19840/60000 (33%)]	Loss: -172335.406250
Train Epoch: 2 [20480/60000 (34%)]	Loss: -171042.218750
Train Epoch: 2 [21120/60000 (35%)]	Loss: -170271.640625
Train Epoch: 2 [21760/60000 (36%)]	Loss: -152608.171875
Train Epoch: 2 [22400/60000 (37%)]	Loss: -148841.890625
Train Epoch: 2 [23040/60000 (38%)]	Loss: -140809.187500
Train Epoch: 2 [23680/60000 (39%)]	Loss: -157241.406250
Train Epoch: 2 [24320/60000 (41%)]	Loss: -163220.187500
Train Epoch: 2 [24960/60000 (42%)]	Loss: -146897.375000
Train Epoch: 2 [25600/60000 (43%)]	Loss: -163197.687500
Train Epoch: 2 [26240/60000 (44%)]	Loss: -165054.281250
Train Epoch: 2 [26880/60000 (45%)]	Loss: -153752.234375
Train Epoch: 2 [27520/60000 (46%)]	Loss: -144893.062500
Train Epoch: 2 [28160/60000 (47%)]	Loss: -167451.062500
Train Epoch: 2 [28800/60000 (48%)]	Loss: -162251.984375
Train Epoch: 2 [29440/60000 (49%)]	Loss: -147981.281250
Train Epoch: 2 [30080/60000 (50%)]	Loss: -167069.500000
Train Epoch: 2 [30720/60000 (51%)]	Loss: -169974.140625
Train Epoch: 2 [31360/60000 (52%)]	Loss: -152893.046875
Train Epoch: 2 [32000/60000 (53%)]	Loss: -156321.718750
Train Epoch: 2 [32640/60000 (54%)]	Loss: -152066.921875
Train Epoch: 2 [33280/60000 (55%)]	Loss: -148397.687500
Train Epoch: 2 [33920/60000 (57%)]	Loss: -153334.781250
Train Epoch: 2 [34560/60000 (58%)]	Loss: -130775.343750
Train Epoch: 2 [35200/60000 (59%)]	Loss: -139938.390625
Train Epoch: 2 [35840/60000 (60%)]	Loss: -140140.625000
Train Epoch: 2 [36480/60000 (61%)]	Loss: -159817.890625
Train Epoch: 2 [37120/60000 (62%)]	Loss: -146551.640625
Train Epoch: 2 [37760/60000 (63%)]	Loss: -146208.750000
Train Epoch: 2 [38400/60000 (64%)]	Loss: -161525.031250
Train Epoch: 2 [39040/60000 (65%)]	Loss: -177638.609375
Train Epoch: 2 [39680/60000 (66%)]	Loss: -160230.437500
Train Epoch: 2 [40320/60000 (67%)]	Loss: -132208.859375
Train Epoch: 2 [40960/60000 (68%)]	Loss: -174024.218750
Train Epoch: 2 [41600/60000 (69%)]	Loss: -139326.453125
Train Epoch: 2 [42240/60000 (70%)]	Loss: -172045.609375
Train Epoch: 2 [42880/60000 (71%)]	Loss: -161181.781250
Train Epoch: 2 [43520/60000 (72%)]	Loss: -151699.046875
Train Epoch: 2 [44160/60000 (74%)]	Loss: -154829.484375
Train Epoch: 2 [44800/60000 (75%)]	Loss: -177585.843750
Train Epoch: 2 [45440/60000 (76%)]	Loss: -167257.984375
Train Epoch: 2 [46080/60000 (77%)]	Loss: -160226.218750
Train Epoch: 2 [46720/60000 (78%)]	Loss: -164079.031250
Train Epoch: 2 [47360/60000 (79%)]	Loss: -158706.546875
Train Epoch: 2 [48000/60000 (80%)]	Loss: -147668.984375
Train Epoch: 2 [48640/60000 (81%)]	Loss: -153817.296875
Train Epoch: 2 [49280/60000 (82%)]	Loss: -154499.218750
Train Epoch: 2 [49920/60000 (83%)]	Loss: -161384.703125
Train Epoch: 2 [50560/60000 (84%)]	Loss: -155330.640625
Train Epoch: 2 [51200/60000 (85%)]	Loss: -144257.203125
Train Epoch: 2 [51840/60000 (86%)]	Loss: -160444.281250
Train Epoch: 2 [52480/60000 (87%)]	Loss: -152390.828125
Train Epoch: 2 [53120/60000 (88%)]	Loss: -165151.000000
Train Epoch: 2 [53760/60000 (90%)]	Loss: -162749.625000
Train Epoch: 2 [54400/60000 (91%)]	Loss: -175037.828125
Train Epoch: 2 [55040/60000 (92%)]	Loss: -133685.625000
Train Epoch: 2 [55680/60000 (93%)]	Loss: -142759.343750
Train Epoch: 2 [56320/60000 (94%)]	Loss: -159253.093750
Train Epoch: 2 [56960/60000 (95%)]	Loss: -153007.343750
Train Epoch: 2 [57600/60000 (96%)]	Loss: -161853.156250
Train Epoch: 2 [58240/60000 (97%)]	Loss: -149464.375000
Train Epoch: 2 [58880/60000 (98%)]	Loss: -173055.312500
Train Epoch: 2 [59520/60000 (99%)]	Loss: -147102.046875

Test set: Average loss: -2592.6462

Train Epoch: 3 [0/60000 (0%)]	Loss: -146746.484375
Train Epoch: 3 [640/60000 (1%)]	Loss: -138967.000000
Train Epoch: 3 [1280/60000 (2%)]	Loss: -152307.828125
Train Epoch: 3 [1920/60000 (3%)]	Loss: -170951.843750
Train Epoch: 3 [2560/60000 (4%)]	Loss: -170932.140625
Train Epoch: 3 [3200/60000 (5%)]	Loss: -167468.312500
Train Epoch: 3 [3840/60000 (6%)]	Loss: -174906.625000
Train Epoch: 3 [4480/60000 (7%)]	Loss: -165014.171875
Train Epoch: 3 [5120/60000 (9%)]	Loss: -145971.000000
Train Epoch: 3 [5760/60000 (10%)]	Loss: -167808.031250
Train Epoch: 3 [6400/60000 (11%)]	Loss: -141861.812500
Train Epoch: 3 [7040/60000 (12%)]	Loss: -134431.218750
Train Epoch: 3 [7680/60000 (13%)]	Loss: -165539.625000
Train Epoch: 3 [8320/60000 (14%)]	Loss: -163064.750000
Train Epoch: 3 [8960/60000 (15%)]	Loss: -169187.390625
Train Epoch: 3 [9600/60000 (16%)]	Loss: -153879.203125
Train Epoch: 3 [10240/60000 (17%)]	Loss: -157136.937500
Train Epoch: 3 [10880/60000 (18%)]	Loss: -185087.828125
Train Epoch: 3 [11520/60000 (19%)]	Loss: -150883.109375
Train Epoch: 3 [12160/60000 (20%)]	Loss: -145394.578125
Train Epoch: 3 [12800/60000 (21%)]	Loss: -150916.171875
Train Epoch: 3 [13440/60000 (22%)]	Loss: -157596.953125
Train Epoch: 3 [14080/60000 (23%)]	Loss: -159791.890625
Train Epoch: 3 [14720/60000 (25%)]	Loss: -155017.281250
Train Epoch: 3 [15360/60000 (26%)]	Loss: -168293.031250
Train Epoch: 3 [16000/60000 (27%)]	Loss: -146857.265625
Train Epoch: 3 [16640/60000 (28%)]	Loss: -141983.843750
Train Epoch: 3 [17280/60000 (29%)]	Loss: -175962.765625
Train Epoch: 3 [17920/60000 (30%)]	Loss: -173358.125000
Train Epoch: 3 [18560/60000 (31%)]	Loss: -168503.000000
Train Epoch: 3 [19200/60000 (32%)]	Loss: -152287.781250
Train Epoch: 3 [19840/60000 (33%)]	Loss: -157449.937500
Train Epoch: 3 [20480/60000 (34%)]	Loss: -148179.281250
Train Epoch: 3 [21120/60000 (35%)]	Loss: -146646.953125
Train Epoch: 3 [21760/60000 (36%)]	Loss: -148363.578125
Train Epoch: 3 [22400/60000 (37%)]	Loss: -170643.046875
Train Epoch: 3 [23040/60000 (38%)]	Loss: -168388.687500
Train Epoch: 3 [23680/60000 (39%)]	Loss: -143200.343750
Train Epoch: 3 [24320/60000 (41%)]	Loss: -163090.421875
Train Epoch: 3 [24960/60000 (42%)]	Loss: -153008.750000
Train Epoch: 3 [25600/60000 (43%)]	Loss: -140553.515625
Train Epoch: 3 [26240/60000 (44%)]	Loss: -134265.906250
Train Epoch: 3 [26880/60000 (45%)]	Loss: -169971.656250
Train Epoch: 3 [27520/60000 (46%)]	Loss: -174043.218750
Train Epoch: 3 [28160/60000 (47%)]	Loss: -154874.468750
Train Epoch: 3 [28800/60000 (48%)]	Loss: -146312.500000
Train Epoch: 3 [29440/60000 (49%)]	Loss: -150807.156250
Train Epoch: 3 [30080/60000 (50%)]	Loss: -138453.546875
Train Epoch: 3 [30720/60000 (51%)]	Loss: -162446.468750
Train Epoch: 3 [31360/60000 (52%)]	Loss: -159148.625000
Train Epoch: 3 [32000/60000 (53%)]	Loss: -168059.875000
Train Epoch: 3 [32640/60000 (54%)]	Loss: -140457.500000
Train Epoch: 3 [33280/60000 (55%)]	Loss: -160446.375000
Train Epoch: 3 [33920/60000 (57%)]	Loss: -157921.562500
Train Epoch: 3 [34560/60000 (58%)]	Loss: -151556.250000
Train Epoch: 3 [35200/60000 (59%)]	Loss: -179718.859375
Train Epoch: 3 [35840/60000 (60%)]	Loss: -151794.000000
Train Epoch: 3 [36480/60000 (61%)]	Loss: -166629.515625
Train Epoch: 3 [37120/60000 (62%)]	Loss: -147981.640625
Train Epoch: 3 [37760/60000 (63%)]	Loss: -167189.421875
Train Epoch: 3 [38400/60000 (64%)]	Loss: -154265.359375
Train Epoch: 3 [39040/60000 (65%)]	Loss: -164333.296875
Train Epoch: 3 [39680/60000 (66%)]	Loss: -157603.281250
Train Epoch: 3 [40320/60000 (67%)]	Loss: -143845.718750
Train Epoch: 3 [40960/60000 (68%)]	Loss: -147543.078125
Train Epoch: 3 [41600/60000 (69%)]	Loss: -179550.406250
Train Epoch: 3 [42240/60000 (70%)]	Loss: -154373.312500
Train Epoch: 3 [42880/60000 (71%)]	Loss: -148936.140625
Train Epoch: 3 [43520/60000 (72%)]	Loss: -130281.570312
Train Epoch: 3 [44160/60000 (74%)]	Loss: -150013.375000
Train Epoch: 3 [44800/60000 (75%)]	Loss: -149111.625000
Train Epoch: 3 [45440/60000 (76%)]	Loss: -158756.125000
Train Epoch: 3 [46080/60000 (77%)]	Loss: -153630.921875
Train Epoch: 3 [46720/60000 (78%)]	Loss: -150890.156250
Train Epoch: 3 [47360/60000 (79%)]	Loss: -151146.531250
Train Epoch: 3 [48000/60000 (80%)]	Loss: -155542.703125
Train Epoch: 3 [48640/60000 (81%)]	Loss: -159677.921875
Train Epoch: 3 [49280/60000 (82%)]	Loss: -165820.250000
Train Epoch: 3 [49920/60000 (83%)]	Loss: -151465.171875
Train Epoch: 3 [50560/60000 (84%)]	Loss: -154103.562500
Train Epoch: 3 [51200/60000 (85%)]	Loss: -166134.671875
Train Epoch: 3 [51840/60000 (86%)]	Loss: -127729.679688
Train Epoch: 3 [52480/60000 (87%)]	Loss: -141023.734375
Train Epoch: 3 [53120/60000 (88%)]	Loss: -151809.125000
Train Epoch: 3 [53760/60000 (90%)]	Loss: -171859.906250
Train Epoch: 3 [54400/60000 (91%)]	Loss: -166260.234375
Train Epoch: 3 [55040/60000 (92%)]	Loss: -149831.187500
Train Epoch: 3 [55680/60000 (93%)]	Loss: -180651.921875
Train Epoch: 3 [56320/60000 (94%)]	Loss: -166972.062500
Train Epoch: 3 [56960/60000 (95%)]	Loss: -179467.406250
Train Epoch: 3 [57600/60000 (96%)]	Loss: -169425.140625
Train Epoch: 3 [58240/60000 (97%)]	Loss: -128160.156250
Train Epoch: 3 [58880/60000 (98%)]	Loss: -167150.031250
Train Epoch: 3 [59520/60000 (99%)]	Loss: -166949.203125

Test set: Average loss: -2592.6462

Train Epoch: 4 [0/60000 (0%)]	Loss: -154670.156250
Train Epoch: 4 [640/60000 (1%)]	Loss: -144594.828125
Train Epoch: 4 [1280/60000 (2%)]	Loss: -141362.390625
Train Epoch: 4 [1920/60000 (3%)]	Loss: -147416.468750
Train Epoch: 4 [2560/60000 (4%)]	Loss: -148000.625000
Train Epoch: 4 [3200/60000 (5%)]	Loss: -145935.828125
Train Epoch: 4 [3840/60000 (6%)]	Loss: -155983.031250
Train Epoch: 4 [4480/60000 (7%)]	Loss: -134720.312500
Train Epoch: 4 [5120/60000 (9%)]	Loss: -147923.968750
Train Epoch: 4 [5760/60000 (10%)]	Loss: -131542.062500
Train Epoch: 4 [6400/60000 (11%)]	Loss: -178861.078125
Train Epoch: 4 [7040/60000 (12%)]	Loss: -156707.531250
Train Epoch: 4 [7680/60000 (13%)]	Loss: -165908.890625
Train Epoch: 4 [8320/60000 (14%)]	Loss: -167214.031250
Train Epoch: 4 [8960/60000 (15%)]	Loss: -129779.000000
Train Epoch: 4 [9600/60000 (16%)]	Loss: -148826.750000
Train Epoch: 4 [10240/60000 (17%)]	Loss: -152686.593750
Train Epoch: 4 [10880/60000 (18%)]	Loss: -159651.218750
Train Epoch: 4 [11520/60000 (19%)]	Loss: -141569.187500
Train Epoch: 4 [12160/60000 (20%)]	Loss: -155785.734375
Train Epoch: 4 [12800/60000 (21%)]	Loss: -166433.265625
Train Epoch: 4 [13440/60000 (22%)]	Loss: -144985.562500
Train Epoch: 4 [14080/60000 (23%)]	Loss: -158151.937500
Train Epoch: 4 [14720/60000 (25%)]	Loss: -185272.812500
Train Epoch: 4 [15360/60000 (26%)]	Loss: -143378.656250
Train Epoch: 4 [16000/60000 (27%)]	Loss: -149611.734375
Train Epoch: 4 [16640/60000 (28%)]	Loss: -159962.453125
Train Epoch: 4 [17280/60000 (29%)]	Loss: -158522.250000
Train Epoch: 4 [17920/60000 (30%)]	Loss: -136552.984375
Train Epoch: 4 [18560/60000 (31%)]	Loss: -152629.968750
Train Epoch: 4 [19200/60000 (32%)]	Loss: -155939.406250
Train Epoch: 4 [19840/60000 (33%)]	Loss: -155433.343750
Train Epoch: 4 [20480/60000 (34%)]	Loss: -154679.296875
Train Epoch: 4 [21120/60000 (35%)]	Loss: -175740.500000
Train Epoch: 4 [21760/60000 (36%)]	Loss: -161369.921875
Train Epoch: 4 [22400/60000 (37%)]	Loss: -162058.906250
Train Epoch: 4 [23040/60000 (38%)]	Loss: -163865.546875
Train Epoch: 4 [23680/60000 (39%)]	Loss: -158421.312500
Train Epoch: 4 [24320/60000 (41%)]	Loss: -156069.546875
Train Epoch: 4 [24960/60000 (42%)]	Loss: -147976.000000
Train Epoch: 4 [25600/60000 (43%)]	Loss: -171509.984375
Train Epoch: 4 [26240/60000 (44%)]	Loss: -163737.187500
Train Epoch: 4 [26880/60000 (45%)]	Loss: -151098.343750
Train Epoch: 4 [27520/60000 (46%)]	Loss: -136915.234375
Train Epoch: 4 [28160/60000 (47%)]	Loss: -150058.046875
Train Epoch: 4 [28800/60000 (48%)]	Loss: -167354.703125
Train Epoch: 4 [29440/60000 (49%)]	Loss: -170897.312500
Train Epoch: 4 [30080/60000 (50%)]	Loss: -141034.421875
Train Epoch: 4 [30720/60000 (51%)]	Loss: -147395.015625
Train Epoch: 4 [31360/60000 (52%)]	Loss: -136794.593750
Train Epoch: 4 [32000/60000 (53%)]	Loss: -151942.765625
Train Epoch: 4 [32640/60000 (54%)]	Loss: -157227.687500
Train Epoch: 4 [33280/60000 (55%)]	Loss: -141625.812500
Train Epoch: 4 [33920/60000 (57%)]	Loss: -171596.156250
Train Epoch: 4 [34560/60000 (58%)]	Loss: -163266.625000
Train Epoch: 4 [35200/60000 (59%)]	Loss: -159769.375000
Train Epoch: 4 [35840/60000 (60%)]	Loss: -163148.093750
Train Epoch: 4 [36480/60000 (61%)]	Loss: -178989.812500
Train Epoch: 4 [37120/60000 (62%)]	Loss: -165166.468750
Train Epoch: 4 [37760/60000 (63%)]	Loss: -172255.906250
Train Epoch: 4 [38400/60000 (64%)]	Loss: -154317.046875
Train Epoch: 4 [39040/60000 (65%)]	Loss: -146914.953125
Train Epoch: 4 [39680/60000 (66%)]	Loss: -166512.750000
Train Epoch: 4 [40320/60000 (67%)]	Loss: -167638.515625
Train Epoch: 4 [40960/60000 (68%)]	Loss: -178577.968750
Train Epoch: 4 [41600/60000 (69%)]	Loss: -173446.750000
Train Epoch: 4 [42240/60000 (70%)]	Loss: -161474.031250
Train Epoch: 4 [42880/60000 (71%)]	Loss: -139183.312500
Train Epoch: 4 [43520/60000 (72%)]	Loss: -145603.125000
Train Epoch: 4 [44160/60000 (74%)]	Loss: -158357.312500
Train Epoch: 4 [44800/60000 (75%)]	Loss: -185800.718750
Train Epoch: 4 [45440/60000 (76%)]	Loss: -159630.093750
Train Epoch: 4 [46080/60000 (77%)]	Loss: -163783.953125
Train Epoch: 4 [46720/60000 (78%)]	Loss: -139616.593750
Train Epoch: 4 [47360/60000 (79%)]	Loss: -155020.437500
Train Epoch: 4 [48000/60000 (80%)]	Loss: -156941.062500
Train Epoch: 4 [48640/60000 (81%)]	Loss: -142033.078125
Train Epoch: 4 [49280/60000 (82%)]	Loss: -157487.218750
Train Epoch: 4 [49920/60000 (83%)]	Loss: -159245.000000
Train Epoch: 4 [50560/60000 (84%)]	Loss: -162367.687500
Train Epoch: 4 [51200/60000 (85%)]	Loss: -137611.593750
Train Epoch: 4 [51840/60000 (86%)]	Loss: -157917.000000
Train Epoch: 4 [52480/60000 (87%)]	Loss: -153331.609375
Train Epoch: 4 [53120/60000 (88%)]	Loss: -120897.312500
Train Epoch: 4 [53760/60000 (90%)]	Loss: -166841.234375
Train Epoch: 4 [54400/60000 (91%)]	Loss: -167525.625000
Train Epoch: 4 [55040/60000 (92%)]	Loss: -133703.906250
Train Epoch: 4 [55680/60000 (93%)]	Loss: -157008.921875
Train Epoch: 4 [56320/60000 (94%)]	Loss: -181058.812500
Train Epoch: 4 [56960/60000 (95%)]	Loss: -148322.765625
Train Epoch: 4 [57600/60000 (96%)]	Loss: -160543.093750
Train Epoch: 4 [58240/60000 (97%)]	Loss: -171259.218750
Train Epoch: 4 [58880/60000 (98%)]	Loss: -164875.250000
Train Epoch: 4 [59520/60000 (99%)]	Loss: -148395.937500

Test set: Average loss: -2592.6462

Train Epoch: 5 [0/60000 (0%)]	Loss: -153721.640625
Train Epoch: 5 [640/60000 (1%)]	Loss: -159549.187500
Train Epoch: 5 [1280/60000 (2%)]	Loss: -164469.406250
Train Epoch: 5 [1920/60000 (3%)]	Loss: -159989.171875
Train Epoch: 5 [2560/60000 (4%)]	Loss: -159465.500000
Train Epoch: 5 [3200/60000 (5%)]	Loss: -133198.875000
Train Epoch: 5 [3840/60000 (6%)]	Loss: -166907.000000
Train Epoch: 5 [4480/60000 (7%)]	Loss: -150425.218750
Train Epoch: 5 [5120/60000 (9%)]	Loss: -184721.359375
Train Epoch: 5 [5760/60000 (10%)]	Loss: -167920.593750
Train Epoch: 5 [6400/60000 (11%)]	Loss: -157351.125000
Train Epoch: 5 [7040/60000 (12%)]	Loss: -138624.812500
Train Epoch: 5 [7680/60000 (13%)]	Loss: -152580.390625
Train Epoch: 5 [8320/60000 (14%)]	Loss: -160129.500000
Train Epoch: 5 [8960/60000 (15%)]	Loss: -149839.281250
Train Epoch: 5 [9600/60000 (16%)]	Loss: -152380.281250
Train Epoch: 5 [10240/60000 (17%)]	Loss: -154839.328125
Train Epoch: 5 [10880/60000 (18%)]	Loss: -161063.250000
Train Epoch: 5 [11520/60000 (19%)]	Loss: -158262.703125
Train Epoch: 5 [12160/60000 (20%)]	Loss: -162359.250000
Train Epoch: 5 [12800/60000 (21%)]	Loss: -147452.687500
Train Epoch: 5 [13440/60000 (22%)]	Loss: -158383.687500
Train Epoch: 5 [14080/60000 (23%)]	Loss: -158403.390625
Train Epoch: 5 [14720/60000 (25%)]	Loss: -164228.140625
Train Epoch: 5 [15360/60000 (26%)]	Loss: -172055.093750
Train Epoch: 5 [16000/60000 (27%)]	Loss: -172492.250000
Train Epoch: 5 [16640/60000 (28%)]	Loss: -141524.890625
Train Epoch: 5 [17280/60000 (29%)]	Loss: -146466.531250
Train Epoch: 5 [17920/60000 (30%)]	Loss: -151880.156250
Train Epoch: 5 [18560/60000 (31%)]	Loss: -159975.453125
Train Epoch: 5 [19200/60000 (32%)]	Loss: -159983.187500
Train Epoch: 5 [19840/60000 (33%)]	Loss: -173142.187500
Train Epoch: 5 [20480/60000 (34%)]	Loss: -176835.687500
Train Epoch: 5 [21120/60000 (35%)]	Loss: -155467.437500
Train Epoch: 5 [21760/60000 (36%)]	Loss: -151513.703125
Train Epoch: 5 [22400/60000 (37%)]	Loss: -139233.250000
Train Epoch: 5 [23040/60000 (38%)]	Loss: -140854.906250
Train Epoch: 5 [23680/60000 (39%)]	Loss: -160843.781250
Train Epoch: 5 [24320/60000 (41%)]	Loss: -148408.250000
Train Epoch: 5 [24960/60000 (42%)]	Loss: -164021.359375
Train Epoch: 5 [25600/60000 (43%)]	Loss: -156187.375000
Train Epoch: 5 [26240/60000 (44%)]	Loss: -159522.109375
Train Epoch: 5 [26880/60000 (45%)]	Loss: -174788.109375
Train Epoch: 5 [27520/60000 (46%)]	Loss: -151961.062500
Train Epoch: 5 [28160/60000 (47%)]	Loss: -162367.687500
Train Epoch: 5 [28800/60000 (48%)]	Loss: -164498.609375
Train Epoch: 5 [29440/60000 (49%)]	Loss: -146215.437500
Train Epoch: 5 [30080/60000 (50%)]	Loss: -149780.203125
Train Epoch: 5 [30720/60000 (51%)]	Loss: -178708.781250
Train Epoch: 5 [31360/60000 (52%)]	Loss: -151431.062500
Train Epoch: 5 [32000/60000 (53%)]	Loss: -166691.406250
Train Epoch: 5 [32640/60000 (54%)]	Loss: -168529.015625
Train Epoch: 5 [33280/60000 (55%)]	Loss: -158005.265625
Train Epoch: 5 [33920/60000 (57%)]	Loss: -153593.281250
Train Epoch: 5 [34560/60000 (58%)]	Loss: -150389.343750
Train Epoch: 5 [35200/60000 (59%)]	Loss: -170115.859375
Train Epoch: 5 [35840/60000 (60%)]	Loss: -159349.078125
Train Epoch: 5 [36480/60000 (61%)]	Loss: -156822.156250
Train Epoch: 5 [37120/60000 (62%)]	Loss: -154883.640625
Train Epoch: 5 [37760/60000 (63%)]	Loss: -161649.875000
Train Epoch: 5 [38400/60000 (64%)]	Loss: -153614.734375
Train Epoch: 5 [39040/60000 (65%)]	Loss: -170659.218750
Train Epoch: 5 [39680/60000 (66%)]	Loss: -127099.093750
Train Epoch: 5 [40320/60000 (67%)]	Loss: -154135.234375
Train Epoch: 5 [40960/60000 (68%)]	Loss: -136294.500000
Train Epoch: 5 [41600/60000 (69%)]	Loss: -162961.718750
Train Epoch: 5 [42240/60000 (70%)]	Loss: -167333.968750
Train Epoch: 5 [42880/60000 (71%)]	Loss: -170990.156250
Train Epoch: 5 [43520/60000 (72%)]	Loss: -140937.562500
Train Epoch: 5 [44160/60000 (74%)]	Loss: -173423.187500
Train Epoch: 5 [44800/60000 (75%)]	Loss: -165568.796875
Train Epoch: 5 [45440/60000 (76%)]	Loss: -144146.406250
Train Epoch: 5 [46080/60000 (77%)]	Loss: -153094.218750
Train Epoch: 5 [46720/60000 (78%)]	Loss: -143917.812500
Train Epoch: 5 [47360/60000 (79%)]	Loss: -153415.656250
Train Epoch: 5 [48000/60000 (80%)]	Loss: -158243.015625
Train Epoch: 5 [48640/60000 (81%)]	Loss: -168721.750000
Train Epoch: 5 [49280/60000 (82%)]	Loss: -155840.578125
Train Epoch: 5 [49920/60000 (83%)]	Loss: -138507.000000
Train Epoch: 5 [50560/60000 (84%)]	Loss: -152555.062500
Train Epoch: 5 [51200/60000 (85%)]	Loss: -150464.593750
Train Epoch: 5 [51840/60000 (86%)]	Loss: -152364.093750
Train Epoch: 5 [52480/60000 (87%)]	Loss: -156828.156250
Train Epoch: 5 [53120/60000 (88%)]	Loss: -182303.125000
Train Epoch: 5 [53760/60000 (90%)]	Loss: -148953.375000
Train Epoch: 5 [54400/60000 (91%)]	Loss: -154036.062500
Train Epoch: 5 [55040/60000 (92%)]	Loss: -146461.625000
Train Epoch: 5 [55680/60000 (93%)]	Loss: -179448.062500
Train Epoch: 5 [56320/60000 (94%)]	Loss: -158515.218750
Train Epoch: 5 [56960/60000 (95%)]	Loss: -184381.984375
Train Epoch: 5 [57600/60000 (96%)]	Loss: -152631.750000
Train Epoch: 5 [58240/60000 (97%)]	Loss: -175091.625000
Train Epoch: 5 [58880/60000 (98%)]	Loss: -168083.421875
Train Epoch: 5 [59520/60000 (99%)]	Loss: -149610.687500

Test set: Average loss: -2592.6462

Train Epoch: 6 [0/60000 (0%)]	Loss: -162554.796875
Train Epoch: 6 [640/60000 (1%)]	Loss: -157595.906250
Train Epoch: 6 [1280/60000 (2%)]	Loss: -146061.390625
Train Epoch: 6 [1920/60000 (3%)]	Loss: -127660.054688
Train Epoch: 6 [2560/60000 (4%)]	Loss: -156938.593750
Train Epoch: 6 [3200/60000 (5%)]	Loss: -161928.781250
Train Epoch: 6 [3840/60000 (6%)]	Loss: -153845.078125
Train Epoch: 6 [4480/60000 (7%)]	Loss: -165061.312500
Train Epoch: 6 [5120/60000 (9%)]	Loss: -171111.875000
Train Epoch: 6 [5760/60000 (10%)]	Loss: -149783.015625
Train Epoch: 6 [6400/60000 (11%)]	Loss: -151311.828125
Train Epoch: 6 [7040/60000 (12%)]	Loss: -156944.203125
Train Epoch: 6 [7680/60000 (13%)]	Loss: -157293.093750
Train Epoch: 6 [8320/60000 (14%)]	Loss: -156236.593750
Train Epoch: 6 [8960/60000 (15%)]	Loss: -150406.921875
Train Epoch: 6 [9600/60000 (16%)]	Loss: -168006.046875
Train Epoch: 6 [10240/60000 (17%)]	Loss: -140704.390625
Train Epoch: 6 [10880/60000 (18%)]	Loss: -144458.718750
Train Epoch: 6 [11520/60000 (19%)]	Loss: -181154.843750
Train Epoch: 6 [12160/60000 (20%)]	Loss: -165886.390625
Train Epoch: 6 [12800/60000 (21%)]	Loss: -156187.375000
Train Epoch: 6 [13440/60000 (22%)]	Loss: -147511.078125
Train Epoch: 6 [14080/60000 (23%)]	Loss: -163270.484375
Train Epoch: 6 [14720/60000 (25%)]	Loss: -154019.515625
Train Epoch: 6 [15360/60000 (26%)]	Loss: -151556.953125
Train Epoch: 6 [16000/60000 (27%)]	Loss: -166439.593750
Train Epoch: 6 [16640/60000 (28%)]	Loss: -166789.890625
Train Epoch: 6 [17280/60000 (29%)]	Loss: -148839.421875
Train Epoch: 6 [17920/60000 (30%)]	Loss: -159754.593750
Train Epoch: 6 [18560/60000 (31%)]	Loss: -156877.031250
Train Epoch: 6 [19200/60000 (32%)]	Loss: -149798.125000
Train Epoch: 6 [19840/60000 (33%)]	Loss: -163531.093750
Train Epoch: 6 [20480/60000 (34%)]	Loss: -152766.796875
Train Epoch: 6 [21120/60000 (35%)]	Loss: -160907.109375
Train Epoch: 6 [21760/60000 (36%)]	Loss: -166297.531250
Train Epoch: 6 [22400/60000 (37%)]	Loss: -128793.906250
Train Epoch: 6 [23040/60000 (38%)]	Loss: -148194.406250
Train Epoch: 6 [23680/60000 (39%)]	Loss: -145645.687500
Train Epoch: 6 [24320/60000 (41%)]	Loss: -140953.375000
Train Epoch: 6 [24960/60000 (42%)]	Loss: -132836.281250
Train Epoch: 6 [25600/60000 (43%)]	Loss: -173699.625000
Train Epoch: 6 [26240/60000 (44%)]	Loss: -152421.421875
Train Epoch: 6 [26880/60000 (45%)]	Loss: -157618.062500
Train Epoch: 6 [27520/60000 (46%)]	Loss: -159128.578125
Train Epoch: 6 [28160/60000 (47%)]	Loss: -175943.421875
Train Epoch: 6 [28800/60000 (48%)]	Loss: -155243.781250
Train Epoch: 6 [29440/60000 (49%)]	Loss: -171952.406250
Train Epoch: 6 [30080/60000 (50%)]	Loss: -126417.867188
Train Epoch: 6 [30720/60000 (51%)]	Loss: -167382.156250
Train Epoch: 6 [31360/60000 (52%)]	Loss: -155083.406250
Train Epoch: 6 [32000/60000 (53%)]	Loss: -153548.593750
Train Epoch: 6 [32640/60000 (54%)]	Loss: -158302.796875
Train Epoch: 6 [33280/60000 (55%)]	Loss: -157427.437500
Train Epoch: 6 [33920/60000 (57%)]	Loss: -155665.109375
Train Epoch: 6 [34560/60000 (58%)]	Loss: -159676.171875
Train Epoch: 6 [35200/60000 (59%)]	Loss: -156481.031250
Train Epoch: 6 [35840/60000 (60%)]	Loss: -142123.468750
Train Epoch: 6 [36480/60000 (61%)]	Loss: -162945.875000
Train Epoch: 6 [37120/60000 (62%)]	Loss: -133962.406250
Train Epoch: 6 [37760/60000 (63%)]	Loss: -161250.343750
Train Epoch: 6 [38400/60000 (64%)]	Loss: -143750.750000
Train Epoch: 6 [39040/60000 (65%)]	Loss: -173143.578125
Train Epoch: 6 [39680/60000 (66%)]	Loss: -150324.968750
Train Epoch: 6 [40320/60000 (67%)]	Loss: -182704.750000
Train Epoch: 6 [40960/60000 (68%)]	Loss: -148585.843750
Train Epoch: 6 [41600/60000 (69%)]	Loss: -151113.125000
Train Epoch: 6 [42240/60000 (70%)]	Loss: -145614.734375
Train Epoch: 6 [42880/60000 (71%)]	Loss: -176614.796875
Train Epoch: 6 [43520/60000 (72%)]	Loss: -158387.562500
Train Epoch: 6 [44160/60000 (74%)]	Loss: -140483.875000
Train Epoch: 6 [44800/60000 (75%)]	Loss: -161629.843750
Train Epoch: 6 [45440/60000 (76%)]	Loss: -146424.687500
Train Epoch: 6 [46080/60000 (77%)]	Loss: -152495.984375
Train Epoch: 6 [46720/60000 (78%)]	Loss: -158466.343750
Train Epoch: 6 [47360/60000 (79%)]	Loss: -152709.453125
Train Epoch: 6 [48000/60000 (80%)]	Loss: -168134.062500
Train Epoch: 6 [48640/60000 (81%)]	Loss: -155864.515625
Train Epoch: 6 [49280/60000 (82%)]	Loss: -153655.875000
Train Epoch: 6 [49920/60000 (83%)]	Loss: -171682.312500
Train Epoch: 6 [50560/60000 (84%)]	Loss: -153852.828125
Train Epoch: 6 [51200/60000 (85%)]	Loss: -171166.375000
Train Epoch: 6 [51840/60000 (86%)]	Loss: -156538.000000
Train Epoch: 6 [52480/60000 (87%)]	Loss: -134851.843750
Train Epoch: 6 [53120/60000 (88%)]	Loss: -162153.859375
Train Epoch: 6 [53760/60000 (90%)]	Loss: -168302.875000
Train Epoch: 6 [54400/60000 (91%)]	Loss: -130432.093750
Train Epoch: 6 [55040/60000 (92%)]	Loss: -131693.984375
Train Epoch: 6 [55680/60000 (93%)]	Loss: -166164.562500
Train Epoch: 6 [56320/60000 (94%)]	Loss: -145946.375000
Train Epoch: 6 [56960/60000 (95%)]	Loss: -151799.625000
Train Epoch: 6 [57600/60000 (96%)]	Loss: -173661.625000
Train Epoch: 6 [58240/60000 (97%)]	Loss: -130179.937500
Train Epoch: 6 [58880/60000 (98%)]	Loss: -141375.765625
Train Epoch: 6 [59520/60000 (99%)]	Loss: -161943.890625

Test set: Average loss: -2592.6462

Train Epoch: 7 [0/60000 (0%)]	Loss: -148945.984375
Train Epoch: 7 [640/60000 (1%)]	Loss: -172367.046875
Train Epoch: 7 [1280/60000 (2%)]	Loss: -152580.750000
Train Epoch: 7 [1920/60000 (3%)]	Loss: -160161.156250
Train Epoch: 7 [2560/60000 (4%)]	Loss: -139806.859375
Train Epoch: 7 [3200/60000 (5%)]	Loss: -161709.312500
Train Epoch: 7 [3840/60000 (6%)]	Loss: -173892.343750
Train Epoch: 7 [4480/60000 (7%)]	Loss: -151881.234375
Train Epoch: 7 [5120/60000 (9%)]	Loss: -165343.015625
Train Epoch: 7 [5760/60000 (10%)]	Loss: -145988.937500
Train Epoch: 7 [6400/60000 (11%)]	Loss: -141461.593750
Train Epoch: 7 [7040/60000 (12%)]	Loss: -148484.562500
Train Epoch: 7 [7680/60000 (13%)]	Loss: -180779.578125
Train Epoch: 7 [8320/60000 (14%)]	Loss: -159202.437500
Train Epoch: 7 [8960/60000 (15%)]	Loss: -157047.968750
Train Epoch: 7 [9600/60000 (16%)]	Loss: -161721.281250
Train Epoch: 7 [10240/60000 (17%)]	Loss: -172763.765625
Train Epoch: 7 [10880/60000 (18%)]	Loss: -143951.937500
Train Epoch: 7 [11520/60000 (19%)]	Loss: -180017.437500
Train Epoch: 7 [12160/60000 (20%)]	Loss: -146601.250000
Train Epoch: 7 [12800/60000 (21%)]	Loss: -156328.750000
Train Epoch: 7 [13440/60000 (22%)]	Loss: -159462.687500
Train Epoch: 7 [14080/60000 (23%)]	Loss: -140217.640625
Train Epoch: 7 [14720/60000 (25%)]	Loss: -165473.156250
Train Epoch: 7 [15360/60000 (26%)]	Loss: -174749.781250
Train Epoch: 7 [16000/60000 (27%)]	Loss: -174687.531250
Train Epoch: 7 [16640/60000 (28%)]	Loss: -170357.468750
Train Epoch: 7 [17280/60000 (29%)]	Loss: -154180.937500
Train Epoch: 7 [17920/60000 (30%)]	Loss: -159372.312500
Train Epoch: 7 [18560/60000 (31%)]	Loss: -153480.734375
Train Epoch: 7 [19200/60000 (32%)]	Loss: -145671.000000
Train Epoch: 7 [19840/60000 (33%)]	Loss: -179889.093750
Train Epoch: 7 [20480/60000 (34%)]	Loss: -155012.359375
Train Epoch: 7 [21120/60000 (35%)]	Loss: -151259.765625
Train Epoch: 7 [21760/60000 (36%)]	Loss: -151468.328125
Train Epoch: 7 [22400/60000 (37%)]	Loss: -154691.968750
Train Epoch: 7 [23040/60000 (38%)]	Loss: -148032.625000
Train Epoch: 7 [23680/60000 (39%)]	Loss: -156162.750000
Train Epoch: 7 [24320/60000 (41%)]	Loss: -167686.343750
Train Epoch: 7 [24960/60000 (42%)]	Loss: -171132.593750
Train Epoch: 7 [25600/60000 (43%)]	Loss: -153629.843750
Train Epoch: 7 [26240/60000 (44%)]	Loss: -154294.531250
Train Epoch: 7 [26880/60000 (45%)]	Loss: -147881.750000
Train Epoch: 7 [27520/60000 (46%)]	Loss: -165180.875000
Train Epoch: 7 [28160/60000 (47%)]	Loss: -143714.187500
Train Epoch: 7 [28800/60000 (48%)]	Loss: -184478.343750
Train Epoch: 7 [29440/60000 (49%)]	Loss: -149600.125000
Train Epoch: 7 [30080/60000 (50%)]	Loss: -136647.593750
Train Epoch: 7 [30720/60000 (51%)]	Loss: -167667.359375
Train Epoch: 7 [31360/60000 (52%)]	Loss: -139712.953125
Train Epoch: 7 [32000/60000 (53%)]	Loss: -163293.703125
Train Epoch: 7 [32640/60000 (54%)]	Loss: -160316.609375
Train Epoch: 7 [33280/60000 (55%)]	Loss: -166246.875000
Train Epoch: 7 [33920/60000 (57%)]	Loss: -154750.343750
Train Epoch: 7 [34560/60000 (58%)]	Loss: -133402.515625
Train Epoch: 7 [35200/60000 (59%)]	Loss: -144128.125000
Train Epoch: 7 [35840/60000 (60%)]	Loss: -160634.187500
Train Epoch: 7 [36480/60000 (61%)]	Loss: -166837.718750
Train Epoch: 7 [37120/60000 (62%)]	Loss: -176671.078125
Train Epoch: 7 [37760/60000 (63%)]	Loss: -152259.281250
Train Epoch: 7 [38400/60000 (64%)]	Loss: -152365.859375
Train Epoch: 7 [39040/60000 (65%)]	Loss: -154320.921875
Train Epoch: 7 [39680/60000 (66%)]	Loss: -150502.937500
Train Epoch: 7 [40320/60000 (67%)]	Loss: -157870.218750
Train Epoch: 7 [40960/60000 (68%)]	Loss: -114637.171875
Train Epoch: 7 [41600/60000 (69%)]	Loss: -146731.375000
Train Epoch: 7 [42240/60000 (70%)]	Loss: -160203.359375
Train Epoch: 7 [42880/60000 (71%)]	Loss: -155432.625000
Train Epoch: 7 [43520/60000 (72%)]	Loss: -158105.515625
Train Epoch: 7 [44160/60000 (74%)]	Loss: -176820.203125
Train Epoch: 7 [44800/60000 (75%)]	Loss: -164845.718750
Train Epoch: 7 [45440/60000 (76%)]	Loss: -170728.171875
Train Epoch: 7 [46080/60000 (77%)]	Loss: -141133.796875
Train Epoch: 7 [46720/60000 (78%)]	Loss: -169216.921875
Train Epoch: 7 [47360/60000 (79%)]	Loss: -162876.578125
Train Epoch: 7 [48000/60000 (80%)]	Loss: -166877.812500
Train Epoch: 7 [48640/60000 (81%)]	Loss: -159400.078125
Train Epoch: 7 [49280/60000 (82%)]	Loss: -161663.953125
Train Epoch: 7 [49920/60000 (83%)]	Loss: -192290.531250
Train Epoch: 7 [50560/60000 (84%)]	Loss: -137206.781250
Train Epoch: 7 [51200/60000 (85%)]	Loss: -150751.234375
Train Epoch: 7 [51840/60000 (86%)]	Loss: -164636.812500
Train Epoch: 7 [52480/60000 (87%)]	Loss: -149769.296875
Train Epoch: 7 [53120/60000 (88%)]	Loss: -151153.218750
Train Epoch: 7 [53760/60000 (90%)]	Loss: -156920.640625
Train Epoch: 7 [54400/60000 (91%)]	Loss: -167091.640625
Train Epoch: 7 [55040/60000 (92%)]	Loss: -152161.875000
Train Epoch: 7 [55680/60000 (93%)]	Loss: -150401.656250
Train Epoch: 7 [56320/60000 (94%)]	Loss: -177523.234375
Train Epoch: 7 [56960/60000 (95%)]	Loss: -148808.265625
Train Epoch: 7 [57600/60000 (96%)]	Loss: -140712.828125
Train Epoch: 7 [58240/60000 (97%)]	Loss: -150807.140625
Train Epoch: 7 [58880/60000 (98%)]	Loss: -149484.437500
Train Epoch: 7 [59520/60000 (99%)]	Loss: -150116.765625

Test set: Average loss: -2592.6461

Train Epoch: 8 [0/60000 (0%)]	Loss: -145966.781250
Train Epoch: 8 [640/60000 (1%)]	Loss: -144505.500000
Train Epoch: 8 [1280/60000 (2%)]	Loss: -177510.578125
Train Epoch: 8 [1920/60000 (3%)]	Loss: -168449.531250
Train Epoch: 8 [2560/60000 (4%)]	Loss: -146199.609375
Train Epoch: 8 [3200/60000 (5%)]	Loss: -155325.359375
Train Epoch: 8 [3840/60000 (6%)]	Loss: -170172.484375
Train Epoch: 8 [4480/60000 (7%)]	Loss: -162761.578125
Train Epoch: 8 [5120/60000 (9%)]	Loss: -154003.000000
Train Epoch: 8 [5760/60000 (10%)]	Loss: -163557.812500
Train Epoch: 8 [6400/60000 (11%)]	Loss: -146601.234375
Train Epoch: 8 [7040/60000 (12%)]	Loss: -147901.453125
Train Epoch: 8 [7680/60000 (13%)]	Loss: -157473.515625
Train Epoch: 8 [8320/60000 (14%)]	Loss: -169794.406250
Train Epoch: 8 [8960/60000 (15%)]	Loss: -166341.125000
Train Epoch: 8 [9600/60000 (16%)]	Loss: -168958.781250
Train Epoch: 8 [10240/60000 (17%)]	Loss: -144055.671875
Train Epoch: 8 [10880/60000 (18%)]	Loss: -162745.406250
Train Epoch: 8 [11520/60000 (19%)]	Loss: -146033.265625
Train Epoch: 8 [12160/60000 (20%)]	Loss: -147224.437500
Train Epoch: 8 [12800/60000 (21%)]	Loss: -156382.546875
Train Epoch: 8 [13440/60000 (22%)]	Loss: -148549.984375
Train Epoch: 8 [14080/60000 (23%)]	Loss: -167544.625000
Train Epoch: 8 [14720/60000 (25%)]	Loss: -162158.781250
Train Epoch: 8 [15360/60000 (26%)]	Loss: -152487.890625
Train Epoch: 8 [16000/60000 (27%)]	Loss: -145816.609375
Train Epoch: 8 [16640/60000 (28%)]	Loss: -163840.234375
Train Epoch: 8 [17280/60000 (29%)]	Loss: -160947.187500
Train Epoch: 8 [17920/60000 (30%)]	Loss: -154865.343750
Train Epoch: 8 [18560/60000 (31%)]	Loss: -143230.593750
Train Epoch: 8 [19200/60000 (32%)]	Loss: -153078.750000
Train Epoch: 8 [19840/60000 (33%)]	Loss: -146820.000000
Train Epoch: 8 [20480/60000 (34%)]	Loss: -166276.062500
Train Epoch: 8 [21120/60000 (35%)]	Loss: -173878.625000
Train Epoch: 8 [21760/60000 (36%)]	Loss: -155531.109375
Train Epoch: 8 [22400/60000 (37%)]	Loss: -140336.515625
Train Epoch: 8 [23040/60000 (38%)]	Loss: -160547.312500
Train Epoch: 8 [23680/60000 (39%)]	Loss: -147783.984375
Train Epoch: 8 [24320/60000 (41%)]	Loss: -161295.015625
Train Epoch: 8 [24960/60000 (42%)]	Loss: -157629.312500
Train Epoch: 8 [25600/60000 (43%)]	Loss: -165875.125000
Train Epoch: 8 [26240/60000 (44%)]	Loss: -161213.781250
Train Epoch: 8 [26880/60000 (45%)]	Loss: -127140.593750
Train Epoch: 8 [27520/60000 (46%)]	Loss: -159307.250000
Train Epoch: 8 [28160/60000 (47%)]	Loss: -155080.593750
Train Epoch: 8 [28800/60000 (48%)]	Loss: -156801.765625
Train Epoch: 8 [29440/60000 (49%)]	Loss: -134059.828125
Train Epoch: 8 [30080/60000 (50%)]	Loss: -145003.484375
Train Epoch: 8 [30720/60000 (51%)]	Loss: -137859.171875
Train Epoch: 8 [31360/60000 (52%)]	Loss: -135845.750000
Train Epoch: 8 [32000/60000 (53%)]	Loss: -167987.750000
Train Epoch: 8 [32640/60000 (54%)]	Loss: -140507.734375
Train Epoch: 8 [33280/60000 (55%)]	Loss: -143194.531250
Train Epoch: 8 [33920/60000 (57%)]	Loss: -155029.234375
Train Epoch: 8 [34560/60000 (58%)]	Loss: -155329.218750
Train Epoch: 8 [35200/60000 (59%)]	Loss: -155077.062500
Train Epoch: 8 [35840/60000 (60%)]	Loss: -162799.562500
Train Epoch: 8 [36480/60000 (61%)]	Loss: -164554.156250
Train Epoch: 8 [37120/60000 (62%)]	Loss: -146342.390625
Train Epoch: 8 [37760/60000 (63%)]	Loss: -165665.531250
Train Epoch: 8 [38400/60000 (64%)]	Loss: -151564.343750
Train Epoch: 8 [39040/60000 (65%)]	Loss: -147942.593750
Train Epoch: 8 [39680/60000 (66%)]	Loss: -159051.218750
Train Epoch: 8 [40320/60000 (67%)]	Loss: -163582.796875
Train Epoch: 8 [40960/60000 (68%)]	Loss: -175756.671875
Train Epoch: 8 [41600/60000 (69%)]	Loss: -139200.890625
Train Epoch: 8 [42240/60000 (70%)]	Loss: -174359.406250
Train Epoch: 8 [42880/60000 (71%)]	Loss: -143329.781250
Train Epoch: 8 [43520/60000 (72%)]	Loss: -159452.484375
Train Epoch: 8 [44160/60000 (74%)]	Loss: -146598.078125
Train Epoch: 8 [44800/60000 (75%)]	Loss: -175706.734375
Train Epoch: 8 [45440/60000 (76%)]	Loss: -161011.218750
Train Epoch: 8 [46080/60000 (77%)]	Loss: -154453.859375
Train Epoch: 8 [46720/60000 (78%)]	Loss: -177386.062500
Train Epoch: 8 [47360/60000 (79%)]	Loss: -156345.281250
Train Epoch: 8 [48000/60000 (80%)]	Loss: -141711.640625
Train Epoch: 8 [48640/60000 (81%)]	Loss: -137503.968750
Train Epoch: 8 [49280/60000 (82%)]	Loss: -163112.562500
Train Epoch: 8 [49920/60000 (83%)]	Loss: -152937.000000
Train Epoch: 8 [50560/60000 (84%)]	Loss: -173140.421875
Train Epoch: 8 [51200/60000 (85%)]	Loss: -145566.562500
Train Epoch: 8 [51840/60000 (86%)]	Loss: -160108.046875
Train Epoch: 8 [52480/60000 (87%)]	Loss: -138564.312500
Train Epoch: 8 [53120/60000 (88%)]	Loss: -159934.312500
Train Epoch: 8 [53760/60000 (90%)]	Loss: -154300.531250
Train Epoch: 8 [54400/60000 (91%)]	Loss: -155694.640625
Train Epoch: 8 [55040/60000 (92%)]	Loss: -170727.093750
Train Epoch: 8 [55680/60000 (93%)]	Loss: -161216.937500
Train Epoch: 8 [56320/60000 (94%)]	Loss: -164234.140625
Train Epoch: 8 [56960/60000 (95%)]	Loss: -153123.046875
Train Epoch: 8 [57600/60000 (96%)]	Loss: -154622.000000
Train Epoch: 8 [58240/60000 (97%)]	Loss: -164925.906250
Train Epoch: 8 [58880/60000 (98%)]	Loss: -146702.531250
Train Epoch: 8 [59520/60000 (99%)]	Loss: -137270.437500

Test set: Average loss: -2592.6462

Train Epoch: 9 [0/60000 (0%)]	Loss: -148341.421875
Train Epoch: 9 [640/60000 (1%)]	Loss: -138920.937500
Train Epoch: 9 [1280/60000 (2%)]	Loss: -158954.140625
Train Epoch: 9 [1920/60000 (3%)]	Loss: -159095.875000
Train Epoch: 9 [2560/60000 (4%)]	Loss: -137587.671875
Train Epoch: 9 [3200/60000 (5%)]	Loss: -161896.421875
Train Epoch: 9 [3840/60000 (6%)]	Loss: -144745.703125
Train Epoch: 9 [4480/60000 (7%)]	Loss: -157037.765625
Train Epoch: 9 [5120/60000 (9%)]	Loss: -174690.687500
Train Epoch: 9 [5760/60000 (10%)]	Loss: -157999.296875
Train Epoch: 9 [6400/60000 (11%)]	Loss: -178498.125000
Train Epoch: 9 [7040/60000 (12%)]	Loss: -162722.187500
Train Epoch: 9 [7680/60000 (13%)]	Loss: -144981.687500
Train Epoch: 9 [8320/60000 (14%)]	Loss: -148106.843750
Train Epoch: 9 [8960/60000 (15%)]	Loss: -161745.187500
Train Epoch: 9 [9600/60000 (16%)]	Loss: -169279.187500
Train Epoch: 9 [10240/60000 (17%)]	Loss: -168711.531250
Train Epoch: 9 [10880/60000 (18%)]	Loss: -151704.328125
Train Epoch: 9 [11520/60000 (19%)]	Loss: -169596.406250
Train Epoch: 9 [12160/60000 (20%)]	Loss: -149973.984375
Train Epoch: 9 [12800/60000 (21%)]	Loss: -140955.843750
Train Epoch: 9 [13440/60000 (22%)]	Loss: -140110.718750
Train Epoch: 9 [14080/60000 (23%)]	Loss: -172937.843750
Train Epoch: 9 [14720/60000 (25%)]	Loss: -158356.968750
Train Epoch: 9 [15360/60000 (26%)]	Loss: -177328.046875
Train Epoch: 9 [16000/60000 (27%)]	Loss: -167914.265625
Train Epoch: 9 [16640/60000 (28%)]	Loss: -178598.718750
Train Epoch: 9 [17280/60000 (29%)]	Loss: -147106.281250
Train Epoch: 9 [17920/60000 (30%)]	Loss: -182232.078125
Train Epoch: 9 [18560/60000 (31%)]	Loss: -151187.687500
Train Epoch: 9 [19200/60000 (32%)]	Loss: -149182.328125
Train Epoch: 9 [19840/60000 (33%)]	Loss: -134854.312500
Train Epoch: 9 [20480/60000 (34%)]	Loss: -166143.125000
Train Epoch: 9 [21120/60000 (35%)]	Loss: -127446.570312
Train Epoch: 9 [21760/60000 (36%)]	Loss: -165697.171875
Train Epoch: 9 [22400/60000 (37%)]	Loss: -165953.546875
Train Epoch: 9 [23040/60000 (38%)]	Loss: -173173.140625
Train Epoch: 9 [23680/60000 (39%)]	Loss: -159568.187500
Train Epoch: 9 [24320/60000 (41%)]	Loss: -148981.156250
Train Epoch: 9 [24960/60000 (42%)]	Loss: -146855.515625
Train Epoch: 9 [25600/60000 (43%)]	Loss: -149780.906250
Train Epoch: 9 [26240/60000 (44%)]	Loss: -172711.000000
Train Epoch: 9 [26880/60000 (45%)]	Loss: -172176.093750
Train Epoch: 9 [27520/60000 (46%)]	Loss: -133995.828125
Train Epoch: 9 [28160/60000 (47%)]	Loss: -167319.203125
Train Epoch: 9 [28800/60000 (48%)]	Loss: -145584.843750
Train Epoch: 9 [29440/60000 (49%)]	Loss: -157577.625000
Train Epoch: 9 [30080/60000 (50%)]	Loss: -153023.875000
Train Epoch: 9 [30720/60000 (51%)]	Loss: -151541.484375
Train Epoch: 9 [31360/60000 (52%)]	Loss: -121220.523438
Train Epoch: 9 [32000/60000 (53%)]	Loss: -141555.843750
Train Epoch: 9 [32640/60000 (54%)]	Loss: -155818.796875
Train Epoch: 9 [33280/60000 (55%)]	Loss: -156883.375000
Train Epoch: 9 [33920/60000 (57%)]	Loss: -157446.421875
Train Epoch: 9 [34560/60000 (58%)]	Loss: -181737.234375
Train Epoch: 9 [35200/60000 (59%)]	Loss: -156209.875000
Train Epoch: 9 [35840/60000 (60%)]	Loss: -152241.000000
Train Epoch: 9 [36480/60000 (61%)]	Loss: -146328.328125
Train Epoch: 9 [37120/60000 (62%)]	Loss: -166481.109375
Train Epoch: 9 [37760/60000 (63%)]	Loss: -170544.234375
Train Epoch: 9 [38400/60000 (64%)]	Loss: -141095.468750
Train Epoch: 9 [39040/60000 (65%)]	Loss: -156886.875000
Train Epoch: 9 [39680/60000 (66%)]	Loss: -138714.140625
Train Epoch: 9 [40320/60000 (67%)]	Loss: -136935.625000
Train Epoch: 9 [40960/60000 (68%)]	Loss: -137471.250000
Train Epoch: 9 [41600/60000 (69%)]	Loss: -154589.968750
Train Epoch: 9 [42240/60000 (70%)]	Loss: -165906.437500
Train Epoch: 9 [42880/60000 (71%)]	Loss: -153546.500000
Train Epoch: 9 [43520/60000 (72%)]	Loss: -145004.906250
Train Epoch: 9 [44160/60000 (74%)]	Loss: -148446.921875
Train Epoch: 9 [44800/60000 (75%)]	Loss: -142493.812500
Train Epoch: 9 [45440/60000 (76%)]	Loss: -151610.781250
Train Epoch: 9 [46080/60000 (77%)]	Loss: -148156.078125
Train Epoch: 9 [46720/60000 (78%)]	Loss: -155502.265625
Train Epoch: 9 [47360/60000 (79%)]	Loss: -148445.875000
Train Epoch: 9 [48000/60000 (80%)]	Loss: -167666.312500
Train Epoch: 9 [48640/60000 (81%)]	Loss: -155333.796875
Train Epoch: 9 [49280/60000 (82%)]	Loss: -157110.203125
Train Epoch: 9 [49920/60000 (83%)]	Loss: -162720.093750
Train Epoch: 9 [50560/60000 (84%)]	Loss: -164276.656250
Train Epoch: 9 [51200/60000 (85%)]	Loss: -166120.250000
Train Epoch: 9 [51840/60000 (86%)]	Loss: -168164.312500
Train Epoch: 9 [52480/60000 (87%)]	Loss: -139731.593750
Train Epoch: 9 [53120/60000 (88%)]	Loss: -173286.734375
Train Epoch: 9 [53760/60000 (90%)]	Loss: -156409.625000
Train Epoch: 9 [54400/60000 (91%)]	Loss: -141730.281250
Train Epoch: 9 [55040/60000 (92%)]	Loss: -165217.812500
Train Epoch: 9 [55680/60000 (93%)]	Loss: -159759.875000
Train Epoch: 9 [56320/60000 (94%)]	Loss: -180950.500000
Train Epoch: 9 [56960/60000 (95%)]	Loss: -150283.468750
Train Epoch: 9 [57600/60000 (96%)]	Loss: -154368.406250
Train Epoch: 9 [58240/60000 (97%)]	Loss: -147342.953125
Train Epoch: 9 [58880/60000 (98%)]	Loss: -179465.640625
Train Epoch: 9 [59520/60000 (99%)]	Loss: -141085.765625

Test set: Average loss: -2592.6461

Train Epoch: 10 [0/60000 (0%)]	Loss: -146952.937500
Train Epoch: 10 [640/60000 (1%)]	Loss: -172196.500000
Train Epoch: 10 [1280/60000 (2%)]	Loss: -140676.953125
Train Epoch: 10 [1920/60000 (3%)]	Loss: -166097.031250
Train Epoch: 10 [2560/60000 (4%)]	Loss: -160236.765625
Train Epoch: 10 [3200/60000 (5%)]	Loss: -160335.593750
Train Epoch: 10 [3840/60000 (6%)]	Loss: -145910.875000
Train Epoch: 10 [4480/60000 (7%)]	Loss: -160079.562500
Train Epoch: 10 [5120/60000 (9%)]	Loss: -132581.656250
Train Epoch: 10 [5760/60000 (10%)]	Loss: -148279.875000
Train Epoch: 10 [6400/60000 (11%)]	Loss: -151051.562500
Train Epoch: 10 [7040/60000 (12%)]	Loss: -153166.671875
Train Epoch: 10 [7680/60000 (13%)]	Loss: -158598.937500
Train Epoch: 10 [8320/60000 (14%)]	Loss: -145614.734375
Train Epoch: 10 [8960/60000 (15%)]	Loss: -165350.750000
Train Epoch: 10 [9600/60000 (16%)]	Loss: -165266.718750
Train Epoch: 10 [10240/60000 (17%)]	Loss: -130566.093750
Train Epoch: 10 [10880/60000 (18%)]	Loss: -127502.140625
Train Epoch: 10 [11520/60000 (19%)]	Loss: -155435.796875
Train Epoch: 10 [12160/60000 (20%)]	Loss: -164913.937500
Train Epoch: 10 [12800/60000 (21%)]	Loss: -152763.625000
Train Epoch: 10 [13440/60000 (22%)]	Loss: -149801.656250
Train Epoch: 10 [14080/60000 (23%)]	Loss: -159584.734375
Train Epoch: 10 [14720/60000 (25%)]	Loss: -168620.453125
Train Epoch: 10 [15360/60000 (26%)]	Loss: -163463.562500
Train Epoch: 10 [16000/60000 (27%)]	Loss: -165979.218750
Train Epoch: 10 [16640/60000 (28%)]	Loss: -155353.500000
Train Epoch: 10 [17280/60000 (29%)]	Loss: -155878.937500
Train Epoch: 10 [17920/60000 (30%)]	Loss: -150666.125000
Train Epoch: 10 [18560/60000 (31%)]	Loss: -171879.937500
Train Epoch: 10 [19200/60000 (32%)]	Loss: -140441.312500
Train Epoch: 10 [19840/60000 (33%)]	Loss: -159597.046875
Train Epoch: 10 [20480/60000 (34%)]	Loss: -133924.421875
Train Epoch: 10 [21120/60000 (35%)]	Loss: -144433.046875
Train Epoch: 10 [21760/60000 (36%)]	Loss: -150793.781250
Train Epoch: 10 [22400/60000 (37%)]	Loss: -147907.078125
Train Epoch: 10 [23040/60000 (38%)]	Loss: -158835.281250
Train Epoch: 10 [23680/60000 (39%)]	Loss: -167937.812500
Train Epoch: 10 [24320/60000 (41%)]	Loss: -144664.453125
Train Epoch: 10 [24960/60000 (42%)]	Loss: -160823.406250
Train Epoch: 10 [25600/60000 (43%)]	Loss: -143384.656250
Train Epoch: 10 [26240/60000 (44%)]	Loss: -157333.171875
Train Epoch: 10 [26880/60000 (45%)]	Loss: -141715.843750
Train Epoch: 10 [27520/60000 (46%)]	Loss: -177762.046875
Train Epoch: 10 [28160/60000 (47%)]	Loss: -166539.828125
Train Epoch: 10 [28800/60000 (48%)]	Loss: -146989.500000
Train Epoch: 10 [29440/60000 (49%)]	Loss: -153775.453125
Train Epoch: 10 [30080/60000 (50%)]	Loss: -153591.156250
Train Epoch: 10 [30720/60000 (51%)]	Loss: -152315.562500
Train Epoch: 10 [31360/60000 (52%)]	Loss: -158142.421875
Train Epoch: 10 [32000/60000 (53%)]	Loss: -156281.968750
Train Epoch: 10 [32640/60000 (54%)]	Loss: -142358.406250
Train Epoch: 10 [33280/60000 (55%)]	Loss: -161995.937500
Train Epoch: 10 [33920/60000 (57%)]	Loss: -139818.109375
Train Epoch: 10 [34560/60000 (58%)]	Loss: -147881.062500
Train Epoch: 10 [35200/60000 (59%)]	Loss: -135439.171875
Train Epoch: 10 [35840/60000 (60%)]	Loss: -158675.953125
Train Epoch: 10 [36480/60000 (61%)]	Loss: -145543.703125
Train Epoch: 10 [37120/60000 (62%)]	Loss: -143506.328125
Train Epoch: 10 [37760/60000 (63%)]	Loss: -153609.093750
Train Epoch: 10 [38400/60000 (64%)]	Loss: -167750.000000
Train Epoch: 10 [39040/60000 (65%)]	Loss: -160996.062500
Train Epoch: 10 [39680/60000 (66%)]	Loss: -183971.531250
Train Epoch: 10 [40320/60000 (67%)]	Loss: -174731.828125
Train Epoch: 10 [40960/60000 (68%)]	Loss: -173393.281250
Train Epoch: 10 [41600/60000 (69%)]	Loss: -170168.265625
Train Epoch: 10 [42240/60000 (70%)]	Loss: -133736.968750
Train Epoch: 10 [42880/60000 (71%)]	Loss: -150344.328125
Train Epoch: 10 [43520/60000 (72%)]	Loss: -146165.140625
Train Epoch: 10 [44160/60000 (74%)]	Loss: -154774.609375
Train Epoch: 10 [44800/60000 (75%)]	Loss: -156200.375000
Train Epoch: 10 [45440/60000 (76%)]	Loss: -166747.687500
Train Epoch: 10 [46080/60000 (77%)]	Loss: -156573.531250
Train Epoch: 10 [46720/60000 (78%)]	Loss: -157826.609375
Train Epoch: 10 [47360/60000 (79%)]	Loss: -153609.796875
Train Epoch: 10 [48000/60000 (80%)]	Loss: -132533.125000
Train Epoch: 10 [48640/60000 (81%)]	Loss: -137578.875000
Train Epoch: 10 [49280/60000 (82%)]	Loss: -148065.703125
Train Epoch: 10 [49920/60000 (83%)]	Loss: -168392.906250
Train Epoch: 10 [50560/60000 (84%)]	Loss: -178271.296875
Train Epoch: 10 [51200/60000 (85%)]	Loss: -176512.125000
Train Epoch: 10 [51840/60000 (86%)]	Loss: -153561.609375
Train Epoch: 10 [52480/60000 (87%)]	Loss: -154537.921875
Train Epoch: 10 [53120/60000 (88%)]	Loss: -164210.546875
Train Epoch: 10 [53760/60000 (90%)]	Loss: -155943.640625
Train Epoch: 10 [54400/60000 (91%)]	Loss: -166149.109375
Train Epoch: 10 [55040/60000 (92%)]	Loss: -141483.390625
Train Epoch: 10 [55680/60000 (93%)]	Loss: -153467.718750
Train Epoch: 10 [56320/60000 (94%)]	Loss: -154855.500000
Train Epoch: 10 [56960/60000 (95%)]	Loss: -149440.109375
Train Epoch: 10 [57600/60000 (96%)]	Loss: -152148.859375
Train Epoch: 10 [58240/60000 (97%)]	Loss: -154616.718750
Train Epoch: 10 [58880/60000 (98%)]	Loss: -160364.453125
Train Epoch: 10 [59520/60000 (99%)]	Loss: -147336.984375

Test set: Average loss: -2592.6462

